<?xml version="1.0" encoding="UTF-8"?>
<coverage generated="1614718504617" clover="3.2.0">
  <project timestamp="1614718504617" name="All files">
    <metrics statements="29" coveredstatements="19" conditionals="10" coveredconditionals="3" methods="9" coveredmethods="7" elements="48" coveredelements="29" complexity="0" loc="29" ncloc="29" packages="3" files="5" classes="5"/>
    <package name="components.layout">
      <metrics statements="5" coveredstatements="2" conditionals="2" coveredconditionals="0" methods="2" coveredmethods="1"/>
      <file name="Header.vue" path="C:\Users\Mic\Documents\Backup\GitHub\VueJS\1017examen2michael\src\components\layout\Header.vue">
        <metrics statements="5" coveredstatements="2" conditionals="2" coveredconditionals="0" methods="2" coveredmethods="1"/>
        <line num="45" count="1" type="stmt"/>
        <line num="51" count="0" type="cond" truecount="0" falsecount="2"/>
        <line num="52" count="0" type="stmt"/>
        <line num="54" count="0" type="stmt"/>
        <line num="59" count="1" type="stmt"/>
      </file>
    </package>
    <package name="mixins">
      <metrics statements="11" coveredstatements="8" conditionals="4" coveredconditionals="2" methods="2" coveredmethods="2"/>
      <file name="translateMixin.js" path="C:\Users\Mic\Documents\Backup\GitHub\VueJS\1017examen2michael\src\mixins\translateMixin.js">
        <metrics statements="11" coveredstatements="8" conditionals="4" coveredconditionals="2" methods="2" coveredmethods="2"/>
        <line num="3" count="3" type="stmt"/>
        <line num="50" count="3" type="stmt"/>
        <line num="52" count="3" type="stmt"/>
        <line num="59" count="14" type="cond" truecount="1" falsecount="1"/>
        <line num="60" count="0" type="stmt"/>
        <line num="61" count="0" type="stmt"/>
        <line num="62" count="0" type="stmt"/>
        <line num="66" count="14" type="cond" truecount="1" falsecount="1"/>
        <line num="67" count="14" type="stmt"/>
        <line num="68" count="14" type="stmt"/>
        <line num="69" count="14" type="stmt"/>
      </file>
    </package>
    <package name="views">
      <metrics statements="13" coveredstatements="9" conditionals="4" coveredconditionals="1" methods="5" coveredmethods="4"/>
      <file name="Contact.vue" path="C:\Users\Mic\Documents\Backup\GitHub\VueJS\1017examen2michael\src\views\Contact.vue">
        <metrics statements="5" coveredstatements="2" conditionals="2" coveredconditionals="0" methods="2" coveredmethods="1"/>
        <line num="63" count="1" type="stmt"/>
        <line num="70" count="0" type="cond" truecount="0" falsecount="2"/>
        <line num="71" count="0" type="stmt"/>
        <line num="73" count="0" type="stmt"/>
        <line num="79" count="1" type="stmt"/>
      </file>
      <file name="Home.vue" path="C:\Users\Mic\Documents\Backup\GitHub\VueJS\1017examen2michael\src\views\Home.vue">
        <metrics statements="6" coveredstatements="5" conditionals="2" coveredconditionals="1" methods="2" coveredmethods="2"/>
        <line num="10" count="1" type="stmt"/>
        <line num="11" count="1" type="stmt"/>
        <line num="20" count="2" type="stmt"/>
        <line num="27" count="2" type="cond" truecount="1" falsecount="1"/>
        <line num="28" count="0" type="stmt"/>
        <line num="30" count="2" type="stmt"/>
      </file>
      <file name="Projets.vue" path="C:\Users\Mic\Documents\Backup\GitHub\VueJS\1017examen2michael\src\views\Projets.vue">
        <metrics statements="2" coveredstatements="2" conditionals="0" coveredconditionals="0" methods="1" coveredmethods="1"/>
        <line num="15" count="1" type="stmt"/>
        <line num="23" count="1" type="stmt"/>
      </file>
    </package>
  </project>
</coverage>
