{"C:\\Users\\Mic\\Documents\\Backup\\GitHub\\VueJS\\1017examen2michael\\src\\components\\layout\\Header.vue": {"path":"C:\\Users\\Mic\\Documents\\Backup\\GitHub\\VueJS\\1017examen2michael\\src\\components\\layout\\Header.vue","statementMap":{"0":{"start":{"line":45,"column":0},"end":{"line":45,"column":null}},"1":{"start":{"line":51,"column":0},"end":{"line":55,"column":null}},"2":{"start":{"line":52,"column":0},"end":{"line":52,"column":null}},"3":{"start":{"line":54,"column":0},"end":{"line":54,"column":null}},"4":{"start":{"line":59,"column":0},"end":{"line":59,"column":null}}},"fnMap":{"0":{"name":"(anonymous_1)","decl":{"start":{"line":50,"column":0},"end":{"line":50,"column":null}},"loc":{"start":{"line":50,"column":0},"end":{"line":56,"column":null}}},"1":{"name":"(anonymous_2)","decl":{"start":{"line":58,"column":0},"end":{"line":58,"column":null}},"loc":{"start":{"line":58,"column":0},"end":{"line":85,"column":null}}}},"branchMap":{"0":{"loc":{"start":{"line":51,"column":0},"end":{"line":55,"column":null}},"type":"if","locations":[{"start":{"line":51,"column":0},"end":{"line":55,"column":null}},{"start":{"line":51,"column":0},"end":{"line":55,"column":null}}]}},"s":{"0":1,"1":0,"2":0,"3":0,"4":1},"f":{"0":0,"1":1},"b":{"0":[0,0]}}
,"C:\\Users\\Mic\\Documents\\Backup\\GitHub\\VueJS\\1017examen2michael\\src\\mixins\\translateMixin.js": {"path":"C:\\Users\\Mic\\Documents\\Backup\\GitHub\\VueJS\\1017examen2michael\\src\\mixins\\translateMixin.js","statementMap":{"0":{"start":{"line":3,"column":28},"end":{"line":48,"column":1}},"1":{"start":{"line":50,"column":30},"end":{"line":74,"column":1}},"2":{"start":{"line":52,"column":8},"end":{"line":54,"column":9}},"3":{"start":{"line":59,"column":12},"end":{"line":71,"column":13}},"4":{"start":{"line":60,"column":27},"end":{"line":60,"column":55}},"5":{"start":{"line":61,"column":16},"end":{"line":63,"column":17}},"6":{"start":{"line":61,"column":29},"end":{"line":61,"column":30}},"7":{"start":{"line":62,"column":24},"end":{"line":62,"column":53}},"8":{"start":{"line":66,"column":18},"end":{"line":71,"column":13}},"9":{"start":{"line":67,"column":28},"end":{"line":67,"column":56}},"10":{"start":{"line":68,"column":17},"end":{"line":70,"column":17}},"11":{"start":{"line":68,"column":29},"end":{"line":68,"column":30}},"12":{"start":{"line":69,"column":25},"end":{"line":69,"column":54}}},"fnMap":{"0":{"name":"(anonymous_0)","decl":{"start":{"line":51,"column":10},"end":{"line":51,"column":11}},"loc":{"start":{"line":51,"column":21},"end":{"line":55,"column":5}},"line":51},"1":{"name":"(anonymous_1)","decl":{"start":{"line":57,"column":19},"end":{"line":57,"column":20}},"loc":{"start":{"line":57,"column":44},"end":{"line":72,"column":9}},"line":57}},"branchMap":{"0":{"loc":{"start":{"line":59,"column":12},"end":{"line":71,"column":13}},"type":"if","locations":[{"start":{"line":59,"column":12},"end":{"line":71,"column":13}},{"start":{"line":59,"column":12},"end":{"line":71,"column":13}}],"line":59},"1":{"loc":{"start":{"line":66,"column":18},"end":{"line":71,"column":13}},"type":"if","locations":[{"start":{"line":66,"column":18},"end":{"line":71,"column":13}},{"start":{"line":66,"column":18},"end":{"line":71,"column":13}}],"line":66}},"s":{"0":3,"1":3,"2":3,"3":14,"4":0,"5":0,"6":0,"7":0,"8":14,"9":14,"10":14,"11":14,"12":14},"f":{"0":3,"1":14},"b":{"0":[0,14],"1":[14,0]},"_coverageSchema":"43e27e138ebf9cfc5966b082cf9a028302ed4184","hash":"49fe0afd5c54eec97e3f793f682ff12e139c32f2"}
,"C:\\Users\\Mic\\Documents\\Backup\\GitHub\\VueJS\\1017examen2michael\\src\\views\\Contact.vue": {"path":"C:\\Users\\Mic\\Documents\\Backup\\GitHub\\VueJS\\1017examen2michael\\src\\views\\Contact.vue","statementMap":{"0":{"start":{"line":63,"column":0},"end":{"line":63,"column":null}},"1":{"start":{"line":70,"column":0},"end":{"line":74,"column":null}},"2":{"start":{"line":71,"column":0},"end":{"line":71,"column":null}},"3":{"start":{"line":73,"column":0},"end":{"line":73,"column":null}},"4":{"start":{"line":79,"column":0},"end":{"line":79,"column":null}}},"fnMap":{"0":{"name":"(anonymous_1)","decl":{"start":{"line":69,"column":0},"end":{"line":69,"column":null}},"loc":{"start":{"line":69,"column":0},"end":{"line":75,"column":null}}},"1":{"name":"(anonymous_2)","decl":{"start":{"line":78,"column":0},"end":{"line":78,"column":null}},"loc":{"start":{"line":78,"column":0},"end":{"line":96,"column":null}}}},"branchMap":{"0":{"loc":{"start":{"line":70,"column":0},"end":{"line":74,"column":null}},"type":"if","locations":[{"start":{"line":70,"column":0},"end":{"line":74,"column":null}},{"start":{"line":70,"column":0},"end":{"line":74,"column":null}}]}},"s":{"0":1,"1":0,"2":0,"3":0,"4":1},"f":{"0":0,"1":1},"b":{"0":[0,0]}}
,"C:\\Users\\Mic\\Documents\\Backup\\GitHub\\VueJS\\1017examen2michael\\src\\views\\Home.vue": {"path":"C:\\Users\\Mic\\Documents\\Backup\\GitHub\\VueJS\\1017examen2michael\\src\\views\\Home.vue","statementMap":{"0":{"start":{"line":10,"column":0},"end":{"line":10,"column":null}},"1":{"start":{"line":11,"column":0},"end":{"line":11,"column":null}},"2":{"start":{"line":20,"column":0},"end":{"line":20,"column":null}},"3":{"start":{"line":27,"column":0},"end":{"line":31,"column":null}},"4":{"start":{"line":28,"column":0},"end":{"line":28,"column":null}},"5":{"start":{"line":30,"column":0},"end":{"line":30,"column":null}}},"fnMap":{"0":{"name":"(anonymous_1)","decl":{"start":{"line":19,"column":0},"end":{"line":19,"column":null}},"loc":{"start":{"line":19,"column":0},"end":{"line":24,"column":null}}},"1":{"name":"(anonymous_2)","decl":{"start":{"line":25,"column":0},"end":{"line":25,"column":null}},"loc":{"start":{"line":25,"column":0},"end":{"line":32,"column":null}}}},"branchMap":{"0":{"loc":{"start":{"line":27,"column":0},"end":{"line":31,"column":null}},"type":"if","locations":[{"start":{"line":27,"column":0},"end":{"line":31,"column":null}},{"start":{"line":27,"column":0},"end":{"line":31,"column":null}}]}},"s":{"0":1,"1":1,"2":2,"3":2,"4":0,"5":2},"f":{"0":2,"1":2},"b":{"0":[0,2]}}
,"C:\\Users\\Mic\\Documents\\Backup\\GitHub\\VueJS\\1017examen2michael\\src\\views\\Projets.vue": {"path":"C:\\Users\\Mic\\Documents\\Backup\\GitHub\\VueJS\\1017examen2michael\\src\\views\\Projets.vue","statementMap":{"0":{"start":{"line":15,"column":0},"end":{"line":15,"column":null}},"1":{"start":{"line":23,"column":0},"end":{"line":23,"column":null}}},"fnMap":{"0":{"name":"(anonymous_1)","decl":{"start":{"line":22,"column":0},"end":{"line":22,"column":null}},"loc":{"start":{"line":22,"column":0},"end":{"line":49,"column":null}}}},"branchMap":{},"s":{"0":1,"1":1},"f":{"0":1},"b":{}}
}
