TN:
SF:C:\Users\Mic\Documents\Backup\GitHub\VueJS\1017examen2michael\src\components\layout\Header.vue
FN:50,(anonymous_1)
FN:58,(anonymous_2)
FNF:2
FNH:1
FNDA:0,(anonymous_1)
FNDA:1,(anonymous_2)
DA:45,1
DA:51,0
DA:52,0
DA:54,0
DA:59,1
LF:5
LH:2
BRDA:51,0,0,0
BRDA:51,0,1,0
BRF:2
BRH:0
end_of_record
TN:
SF:C:\Users\Mic\Documents\Backup\GitHub\VueJS\1017examen2michael\src\mixins\translateMixin.js
FN:51,(anonymous_0)
FN:57,(anonymous_1)
FNF:2
FNH:2
FNDA:3,(anonymous_0)
FNDA:14,(anonymous_1)
DA:3,3
DA:50,3
DA:52,3
DA:59,14
DA:60,0
DA:61,0
DA:62,0
DA:66,14
DA:67,14
DA:68,14
DA:69,14
LF:11
LH:8
BRDA:59,0,0,0
BRDA:59,0,1,14
BRDA:66,1,0,14
BRDA:66,1,1,0
BRF:4
BRH:2
end_of_record
TN:
SF:C:\Users\Mic\Documents\Backup\GitHub\VueJS\1017examen2michael\src\views\Contact.vue
FN:69,(anonymous_1)
FN:78,(anonymous_2)
FNF:2
FNH:1
FNDA:0,(anonymous_1)
FNDA:1,(anonymous_2)
DA:63,1
DA:70,0
DA:71,0
DA:73,0
DA:79,1
LF:5
LH:2
BRDA:70,0,0,0
BRDA:70,0,1,0
BRF:2
BRH:0
end_of_record
TN:
SF:C:\Users\Mic\Documents\Backup\GitHub\VueJS\1017examen2michael\src\views\Home.vue
FN:19,(anonymous_1)
FN:25,(anonymous_2)
FNF:2
FNH:2
FNDA:2,(anonymous_1)
FNDA:2,(anonymous_2)
DA:10,1
DA:11,1
DA:20,2
DA:27,2
DA:28,0
DA:30,2
LF:6
LH:5
BRDA:27,0,0,0
BRDA:27,0,1,2
BRF:2
BRH:1
end_of_record
TN:
SF:C:\Users\Mic\Documents\Backup\GitHub\VueJS\1017examen2michael\src\views\Projets.vue
FN:22,(anonymous_1)
FNF:1
FNH:1
FNDA:1,(anonymous_1)
DA:15,1
DA:23,1
LF:2
LH:2
BRF:0
BRH:0
end_of_record
